{
    "/Users/jojo/learn-code/webpack-react-project/spec/components/func1-spec.js": {
        "path": "/Users/jojo/learn-code/webpack-react-project/spec/components/func1-spec.js",
        "s": { "1": 1, "2": 1, "3": 1 },
        "b": {},
        "f": {},
        "fnMap": {},
        "statementMap": {
            "1": {
                "start": { "line": 1, "column": 0 },
                "end": { "line": 5, "column": 3 }
            },
            "2": {
                "start": { "line": 2, "column": 4 },
                "end": { "line": 4, "column": 7 }
            },
            "3": {
                "start": { "line": 3, "column": 8 },
                "end": { "line": 3, "column": 32 }
            }
        },
        "branchMap": {}
    }
}
